{"level":"error"}
{"level":"error"}
{"level":"error","message":"TypeError: ProductDAO.getAll is not a function\n    at getProduct (C:\\Users\\raranguren\\Desktop\\backend-portfolio\\src\\controllers\\API\\productsController.js:12:76)\n    at Layer.handle [as handle_request] (C:\\Users\\raranguren\\Desktop\\backend-portfolio\\node_modules\\express\\lib\\router\\layer.js:95:5)\n    at next (C:\\Users\\raranguren\\Desktop\\backend-portfolio\\node_modules\\express\\lib\\router\\route.js:144:13)\n    at Route.dispatch (C:\\Users\\raranguren\\Desktop\\backend-portfolio\\node_modules\\express\\lib\\router\\route.js:114:3)\n    at Layer.handle [as handle_request] (C:\\Users\\raranguren\\Desktop\\backend-portfolio\\node_modules\\express\\lib\\router\\layer.js:95:5)\n    at C:\\Users\\raranguren\\Desktop\\backend-portfolio\\node_modules\\express\\lib\\router\\index.js:284:15\n    at param (C:\\Users\\raranguren\\Desktop\\backend-portfolio\\node_modules\\express\\lib\\router\\index.js:365:14)\n    at param (C:\\Users\\raranguren\\Desktop\\backend-portfolio\\node_modules\\express\\lib\\router\\index.js:376:14)\n    at Function.process_params (C:\\Users\\raranguren\\Desktop\\backend-portfolio\\node_modules\\express\\lib\\router\\index.js:421:3)\n    at next (C:\\Users\\raranguren\\Desktop\\backend-portfolio\\node_modules\\express\\lib\\router\\index.js:280:10)"}
{"level":"error"}
{
  messageFormat: undefined,
  stringValue: '"63212b38543e2ab850"',
  kind: 'ObjectId',
  value: '63212b38543e2ab850',
  path: '_id',
  reason: BSONTypeError: Argument passed in must be a string of 12 bytes or a string of 24 hex characters or an integer
      at new BSONTypeError (C:\Users\raranguren\Desktop\backend-portfolio\node_modules\bson\lib\error.js:41:28)
      at new ObjectId (C:\Users\raranguren\Desktop\backend-portfolio\node_modules\bson\lib\objectid.js:67:23)
      at castObjectId (C:\Users\raranguren\Desktop\backend-portfolio\node_modules\mongoose\lib\cast\objectid.js:25:12)
      at ObjectId.cast (C:\Users\raranguren\Desktop\backend-portfolio\node_modules\mongoose\lib\schema\objectid.js:246:12)
      at ObjectId.SchemaType.applySetters (C:\Users\raranguren\Desktop\backend-portfolio\node_modules\mongoose\lib\schematype.js:1201:12)
      at ObjectId.SchemaType._castForQuery (C:\Users\raranguren\Desktop\backend-portfolio\node_modules\mongoose\lib\schematype.js:1648:15)
      at ObjectId.SchemaType.castForQuery (C:\Users\raranguren\Desktop\backend-portfolio\node_modules\mongoose\lib\schematype.js:1636:15)
      at ObjectId.SchemaType.castForQueryWrapper (C:\Users\raranguren\Desktop\backend-portfolio\node_modules\mongoose\lib\schematype.js:1612:20)
      at cast (C:\Users\raranguren\Desktop\backend-portfolio\node_modules\mongoose\lib\cast.js:347:32)
      at model.Query.Query.cast (C:\Users\raranguren\Desktop\backend-portfolio\node_modules\mongoose\lib\query.js:5312:12),
  valueType: 'string',
  level: '\x1B[31merror\x1B[39m',
  message: 'Cast to ObjectId failed for value "63212b38543e2ab850" (type string) at path "_id" for model "products"',
  stack: 'CastError: Cast to ObjectId failed for value "63212b38543e2ab850" (type string) at path "_id" for model "products"\n' +
    '    at model.Query.exec (C:\\Users\\raranguren\\Desktop\\backend-portfolio\\node_modules\\mongoose\\lib\\query.js:4884:21)\n' +
    '    at model.Query.Query.then (C:\\Users\\raranguren\\Desktop\\backend-portfolio\\node_modules\\mongoose\\lib\\query.js:4983:15)\n' +
    '    at processTicksAndRejections (node:internal/process/task_queues:96:5)',
  timestamp: '2022-12-07T18:43:47.789Z'
}
{
  messageFormat: undefined,
  stringValue: '"63212b38543e2ab850"',
  kind: 'ObjectId',
  value: '63212b38543e2ab850',
  path: '_id',
  reason: BSONTypeError: Argument passed in must be a string of 12 bytes or a string of 24 hex characters or an integer
      at new BSONTypeError (C:\Users\raranguren\Desktop\backend-portfolio\node_modules\bson\lib\error.js:41:28)
      at new ObjectId (C:\Users\raranguren\Desktop\backend-portfolio\node_modules\bson\lib\objectid.js:67:23)
      at castObjectId (C:\Users\raranguren\Desktop\backend-portfolio\node_modules\mongoose\lib\cast\objectid.js:25:12)
      at ObjectId.cast (C:\Users\raranguren\Desktop\backend-portfolio\node_modules\mongoose\lib\schema\objectid.js:246:12)
      at ObjectId.SchemaType.applySetters (C:\Users\raranguren\Desktop\backend-portfolio\node_modules\mongoose\lib\schematype.js:1201:12)
      at ObjectId.SchemaType._castForQuery (C:\Users\raranguren\Desktop\backend-portfolio\node_modules\mongoose\lib\schematype.js:1648:15)
      at ObjectId.SchemaType.castForQuery (C:\Users\raranguren\Desktop\backend-portfolio\node_modules\mongoose\lib\schematype.js:1636:15)
      at ObjectId.SchemaType.castForQueryWrapper (C:\Users\raranguren\Desktop\backend-portfolio\node_modules\mongoose\lib\schematype.js:1612:20)
      at cast (C:\Users\raranguren\Desktop\backend-portfolio\node_modules\mongoose\lib\cast.js:347:32)
      at model.Query.Query.cast (C:\Users\raranguren\Desktop\backend-portfolio\node_modules\mongoose\lib\query.js:5312:12),
  valueType: 'string',
  level: '\x1B[31merror\x1B[39m',
  message: 'Cast to ObjectId failed for value "63212b38543e2ab850" (type string) at path "_id" for model "products"',
  stack: 'CastError: Cast to ObjectId failed for value "63212b38543e2ab850" (type string) at path "_id" for model "products"\n' +
    '    at model.Query.exec (C:\\Users\\raranguren\\Desktop\\backend-portfolio\\node_modules\\mongoose\\lib\\query.js:4884:21)\n' +
    '    at model.Query.Query.then (C:\\Users\\raranguren\\Desktop\\backend-portfolio\\node_modules\\mongoose\\lib\\query.js:4983:15)\n' +
    '    at processTicksAndRejections (node:internal/process/task_queues:96:5)',
  timestamp: '2022-12-07T19:01:52.271Z'
}
{
  messageFormat: undefined,
  stringValue: '"63212b38543e2ab850"',
  kind: 'ObjectId',
  value: '63212b38543e2ab850',
  path: '_id',
  reason: BSONTypeError: Argument passed in must be a string of 12 bytes or a string of 24 hex characters or an integer
      at new BSONTypeError (C:\Users\raranguren\Desktop\backend-portfolio\node_modules\bson\lib\error.js:41:28)
      at new ObjectId (C:\Users\raranguren\Desktop\backend-portfolio\node_modules\bson\lib\objectid.js:67:23)
      at castObjectId (C:\Users\raranguren\Desktop\backend-portfolio\node_modules\mongoose\lib\cast\objectid.js:25:12)
      at ObjectId.cast (C:\Users\raranguren\Desktop\backend-portfolio\node_modules\mongoose\lib\schema\objectid.js:246:12)
      at ObjectId.SchemaType.applySetters (C:\Users\raranguren\Desktop\backend-portfolio\node_modules\mongoose\lib\schematype.js:1201:12)
      at ObjectId.SchemaType._castForQuery (C:\Users\raranguren\Desktop\backend-portfolio\node_modules\mongoose\lib\schematype.js:1648:15)
      at ObjectId.SchemaType.castForQuery (C:\Users\raranguren\Desktop\backend-portfolio\node_modules\mongoose\lib\schematype.js:1636:15)
      at ObjectId.SchemaType.castForQueryWrapper (C:\Users\raranguren\Desktop\backend-portfolio\node_modules\mongoose\lib\schematype.js:1612:20)
      at cast (C:\Users\raranguren\Desktop\backend-portfolio\node_modules\mongoose\lib\cast.js:347:32)
      at model.Query.Query.cast (C:\Users\raranguren\Desktop\backend-portfolio\node_modules\mongoose\lib\query.js:5312:12),
  valueType: 'string',
  level: '\x1B[31merror\x1B[39m',
  message: 'Cast to ObjectId failed for value "63212b38543e2ab850" (type string) at path "_id" for model "products"',
  stack: 'CastError: Cast to ObjectId failed for value "63212b38543e2ab850" (type string) at path "_id" for model "products"\n' +
    '    at model.Query.exec (C:\\Users\\raranguren\\Desktop\\backend-portfolio\\node_modules\\mongoose\\lib\\query.js:4884:21)\n' +
    '    at model.Query.Query.then (C:\\Users\\raranguren\\Desktop\\backend-portfolio\\node_modules\\mongoose\\lib\\query.js:4983:15)\n' +
    '    at processTicksAndRejections (node:internal/process/task_queues:96:5)',
  timestamp: '2022-12-07T19:01:56.389Z'
}
{
  level: '\x1B[31merror\x1B[39m',
  message: 'Invalid MongoDB ObjectID. Please retry with a valid ID.',
  stack: 'Error: Invalid MongoDB ObjectID. Please retry with a valid ID.\n' +
    '    at MongoDBDAO.getById (C:\\Users\\raranguren\\Desktop\\backend-portfolio\\src\\DAOs\\MongoDBDAO.js:20:19)\n' +
    '    at getProduct (C:\\Users\\raranguren\\Desktop\\backend-portfolio\\src\\controllers\\API\\productsController.js:12:38)\n' +
    '    at Layer.handle [as handle_request] (C:\\Users\\raranguren\\Desktop\\backend-portfolio\\node_modules\\express\\lib\\router\\layer.js:95:5)\n' +
    '    at next (C:\\Users\\raranguren\\Desktop\\backend-portfolio\\node_modules\\express\\lib\\router\\route.js:144:13)\n' +
    '    at Route.dispatch (C:\\Users\\raranguren\\Desktop\\backend-portfolio\\node_modules\\express\\lib\\router\\route.js:114:3)\n' +
    '    at Layer.handle [as handle_request] (C:\\Users\\raranguren\\Desktop\\backend-portfolio\\node_modules\\express\\lib\\router\\layer.js:95:5)\n' +
    '    at C:\\Users\\raranguren\\Desktop\\backend-portfolio\\node_modules\\express\\lib\\router\\index.js:284:15\n' +
    '    at param (C:\\Users\\raranguren\\Desktop\\backend-portfolio\\node_modules\\express\\lib\\router\\index.js:365:14)\n' +
    '    at param (C:\\Users\\raranguren\\Desktop\\backend-portfolio\\node_modules\\express\\lib\\router\\index.js:376:14)\n' +
    '    at Function.process_params (C:\\Users\\raranguren\\Desktop\\backend-portfolio\\node_modules\\express\\lib\\router\\index.js:421:3)',
  timestamp: '2022-12-07T19:05:26.957Z'
}
{
  errno: undefined,
  code: 'ESERVFAIL',
  syscall: 'querySrv',
  hostname: '_mongodb._tcp.yukatana.la8n0bl.mongodb.net',
  level: '\x1B[31merror\x1B[39m',
  message: 'querySrv ESERVFAIL _mongodb._tcp.yukatana.la8n0bl.mongodb.net',
  stack: 'Error: querySrv ESERVFAIL _mongodb._tcp.yukatana.la8n0bl.mongodb.net\n' +
    '    at QueryReqWrap.onresolve [as oncomplete] (node:dns:279:19)',
  timestamp: '2022-12-07T19:06:23.117Z'
}
{
  code: 'ERR_HTTP_HEADERS_SENT',
  level: '\x1B[31merror\x1B[39m',
  message: 'Cannot set headers after they are sent to the client',
  stack: 'Error [ERR_HTTP_HEADERS_SENT]: Cannot set headers after they are sent to the client\n' +
    '    at new NodeError (node:internal/errors:387:5)\n' +
    '    at ServerResponse.setHeader (node:_http_outgoing:644:11)\n' +
    '    at ServerResponse.header (C:\\Users\\raranguren\\Desktop\\backend-portfolio\\node_modules\\express\\lib\\response.js:794:10)\n' +
    '    at ServerResponse.send (C:\\Users\\raranguren\\Desktop\\backend-portfolio\\node_modules\\express\\lib\\response.js:174:12)\n' +
    '    at ServerResponse.json (C:\\Users\\raranguren\\Desktop\\backend-portfolio\\node_modules\\express\\lib\\response.js:278:15)\n' +
    '    at getProduct (C:\\Users\\raranguren\\Desktop\\backend-portfolio\\src\\controllers\\API\\productsController.js:17:25)\n' +
    '    at processTicksAndRejections (node:internal/process/task_queues:96:5)',
  timestamp: '2022-12-07T19:12:54.549Z'
}
{
  code: 'ERR_HTTP_HEADERS_SENT',
  level: '\x1B[31merror\x1B[39m',
  message: 'Cannot set headers after they are sent to the client',
  stack: 'Error [ERR_HTTP_HEADERS_SENT]: Cannot set headers after they are sent to the client\n' +
    '    at new NodeError (node:internal/errors:387:5)\n' +
    '    at ServerResponse.setHeader (node:_http_outgoing:644:11)\n' +
    '    at ServerResponse.header (C:\\Users\\raranguren\\Desktop\\backend-portfolio\\node_modules\\express\\lib\\response.js:794:10)\n' +
    '    at ServerResponse.send (C:\\Users\\raranguren\\Desktop\\backend-portfolio\\node_modules\\express\\lib\\response.js:174:12)\n' +
    '    at ServerResponse.json (C:\\Users\\raranguren\\Desktop\\backend-portfolio\\node_modules\\express\\lib\\response.js:278:15)\n' +
    '    at getProduct (C:\\Users\\raranguren\\Desktop\\backend-portfolio\\src\\controllers\\API\\productsController.js:17:25)\n' +
    '    at processTicksAndRejections (node:internal/process/task_queues:96:5)',
  timestamp: '2022-12-07T19:15:17.399Z'
}
{
  message: 'Fatal error: please adjust PRODUCT_PERSISTENCE environment variable to match a supported persistence mechanism.',
  level: '\x1B[31merror\x1B[39m',
  timestamp: '2022-12-08T13:26:40.150Z'
}
{
  message: 'Fatal error: please adjust PRODUCT_PERSISTENCE environment variable to match a supported persistence mechanism.',
  level: '\x1B[31merror\x1B[39m',
  timestamp: '2022-12-08T13:26:46.404Z'
}
{
  message: 'Fatal error: please adjust PRODUCT_PERSISTENCE environment variable to match a supported persistence mechanism.',
  level: '\x1B[31merror\x1B[39m',
  timestamp: '2022-12-08T13:26:46.405Z'
}
{
  message: "Could not connect to any servers in your MongoDB Atlas cluster. One common reason is that you're trying to access the database from an IP that isn't whitelisted. Make sure your current IP address is on your Atlas cluster's IP whitelist: https://docs.atlas.mongodb.com/security-whitelist/",
  reason: TopologyDescription {
    type: 'ReplicaSetNoPrimary',
    servers: Map(3) {
      'ac-b86pscc-shard-00-01.la8n0bl.mongodb.net:27017' => ServerDescription {
        address: 'ac-b86pscc-shard-00-01.la8n0bl.mongodb.net:27017',
        type: 'Unknown',
        hosts: [],
        passives: [],
        arbiters: [],
        tags: {},
        minWireVersion: 0,
        maxWireVersion: 0,
        roundTripTime: -1,
        lastUpdateTime: 2137366589,
        lastWriteDate: 0,
        error: MongoNetworkError: getaddrinfo ENOTFOUND ac-b86pscc-shard-00-01.la8n0bl.mongodb.net
            at connectionFailureError (C:\Users\romme\Desktop\backend-portfolio\node_modules\mongodb\lib\cmap\connect.js:387:20)
            at TLSSocket.<anonymous> (C:\Users\romme\Desktop\backend-portfolio\node_modules\mongodb\lib\cmap\connect.js:310:22)
            at Object.onceWrapper (node:events:642:26)
            at TLSSocket.emit (node:events:527:28)
            at emitErrorNT (node:internal/streams/destroy:164:8)
            at emitErrorCloseNT (node:internal/streams/destroy:129:3)
            at processTicksAndRejections (node:internal/process/task_queues:83:21) {
          [Symbol(errorLabels)]: Set(0) {}
        },
        topologyVersion: null,
        setName: null,
        setVersion: null,
        electionId: null,
        logicalSessionTimeoutMinutes: null,
        primary: null,
        me: null,
        '$clusterTime': null
      },
      'ac-b86pscc-shard-00-02.la8n0bl.mongodb.net:27017' => ServerDescription {
        address: 'ac-b86pscc-shard-00-02.la8n0bl.mongodb.net:27017',
        type: 'Unknown',
        hosts: [],
        passives: [],
        arbiters: [],
        tags: {},
        minWireVersion: 0,
        maxWireVersion: 0,
        roundTripTime: -1,
        lastUpdateTime: 2137366590,
        lastWriteDate: 0,
        error: MongoNetworkError: getaddrinfo ENOTFOUND ac-b86pscc-shard-00-02.la8n0bl.mongodb.net
            at connectionFailureError (C:\Users\romme\Desktop\backend-portfolio\node_modules\mongodb\lib\cmap\connect.js:387:20)
            at TLSSocket.<anonymous> (C:\Users\romme\Desktop\backend-portfolio\node_modules\mongodb\lib\cmap\connect.js:310:22)
            at Object.onceWrapper (node:events:642:26)
            at TLSSocket.emit (node:events:527:28)
            at emitErrorNT (node:internal/streams/destroy:164:8)
            at emitErrorCloseNT (node:internal/streams/destroy:129:3)
            at processTicksAndRejections (node:internal/process/task_queues:83:21) {
          [Symbol(errorLabels)]: Set(0) {}
        },
        topologyVersion: null,
        setName: null,
        setVersion: null,
        electionId: null,
        logicalSessionTimeoutMinutes: null,
        primary: null,
        me: null,
        '$clusterTime': null
      },
      'ac-b86pscc-shard-00-00.la8n0bl.mongodb.net:27017' => ServerDescription {
        address: 'ac-b86pscc-shard-00-00.la8n0bl.mongodb.net:27017',
        type: 'Unknown',
        hosts: [],
        passives: [],
        arbiters: [],
        tags: {},
        minWireVersion: 0,
        maxWireVersion: 0,
        roundTripTime: -1,
        lastUpdateTime: 2137366590,
        lastWriteDate: 0,
        error: MongoNetworkError: getaddrinfo ENOTFOUND ac-b86pscc-shard-00-00.la8n0bl.mongodb.net
            at connectionFailureError (C:\Users\romme\Desktop\backend-portfolio\node_modules\mongodb\lib\cmap\connect.js:387:20)
            at TLSSocket.<anonymous> (C:\Users\romme\Desktop\backend-portfolio\node_modules\mongodb\lib\cmap\connect.js:310:22)
            at Object.onceWrapper (node:events:642:26)
            at TLSSocket.emit (node:events:527:28)
            at emitErrorNT (node:internal/streams/destroy:164:8)
            at emitErrorCloseNT (node:internal/streams/destroy:129:3)
            at processTicksAndRejections (node:internal/process/task_queues:83:21) {
          [Symbol(errorLabels)]: Set(0) {}
        },
        topologyVersion: null,
        setName: null,
        setVersion: null,
        electionId: null,
        logicalSessionTimeoutMinutes: null,
        primary: null,
        me: null,
        '$clusterTime': null
      }
    },
    stale: false,
    compatible: true,
    heartbeatFrequencyMS: 10000,
    localThresholdMS: 15,
    setName: 'atlas-127wzv-shard-0',
    maxElectionId: new ObjectId("7fffffff0000000000000168"),
    maxSetVersion: 7,
    commonWireVersion: 0,
    logicalSessionTimeoutMinutes: null
  },
  code: undefined,
  level: 'error',
  stack: "MongooseServerSelectionError: Could not connect to any servers in your MongoDB Atlas cluster. One common reason is that you're trying to access the database from an IP that isn't whitelisted. Make sure your current IP address is on your Atlas cluster's IP whitelist: https://docs.atlas.mongodb.com/security-whitelist/\n" +
    '    at Function.Model.$wrapCallback (C:\\Users\\romme\\Desktop\\backend-portfolio\\node_modules\\mongoose\\lib\\model.js:5192:32)\n' +
    '    at C:\\Users\\romme\\Desktop\\backend-portfolio\\node_modules\\mongoose\\lib\\query.js:4901:21\n' +
    '    at C:\\Users\\romme\\Desktop\\backend-portfolio\\node_modules\\mongoose\\lib\\helpers\\promiseOrCallback.js:41:5\n' +
    '    at new Promise (<anonymous>)\n' +
    '    at promiseOrCallback (C:\\Users\\romme\\Desktop\\backend-portfolio\\node_modules\\mongoose\\lib\\helpers\\promiseOrCallback.js:40:10)\n' +
    '    at model.Query.exec (C:\\Users\\romme\\Desktop\\backend-portfolio\\node_modules\\mongoose\\lib\\query.js:4900:10)\n' +
    '    at model.Query.Query.then (C:\\Users\\romme\\Desktop\\backend-portfolio\\node_modules\\mongoose\\lib\\query.js:4983:15)\n' +
    '    at runMicrotasks (<anonymous>)\n' +
    '    at processTicksAndRejections (node:internal/process/task_queues:96:5)',
  timestamp: '2022-12-11T21:50:43.930Z'
}
{
  message: 'HTTP server error: Error: listen EADDRINUSE: address already in use :::8080',
  level: 'error',
  timestamp: '2022-12-12T00:33:35.865Z'
}
