{"level":"warn","message":"Bad GET request received for non-existing route /css/styles.css"}
{"level":"warn","message":"Bad GET request received for non-existing route /js/main.js"}
{"level":"warn","message":"Bad GET request received for non-existing route /favicon.ico"}
{"level":"warn","message":"Bad GET request received for non-existing route /css/styles.css"}
{"level":"warn","message":"Bad GET request received for non-existing route /js/main.js"}
{"level":"warn","message":"Bad GET request received for non-existing route /css/styles.css"}
{"level":"warn","message":"Bad GET request received for non-existing route /css/styles.css"}
{"level":"warn","message":"Bad GET request received for non-existing route /css/styles.css"}
{"level":"warn","message":"Bad GET request received for non-existing route /css/styles.css"}
{"level":"warn","message":"Bad GET request received for non-existing route /css/styles.css"}
{"level":"warn","message":"Bad GET request received for non-existing route /css/styles.css"}
{"level":"warn","message":"Bad GET request received for non-existing route /js/main.js"}
{"level":"warn","message":"Bad GET request received for non-existing route /css/styles.css"}
{"level":"warn","message":"Bad GET request received for non-existing route /public/css/styles.css"}
{"level":"warn","message":"Bad GET request received for non-existing route /login.html"}
{"level":"warn","message":"Bad GET request received for non-existing route /login.html"}
{"level":"warn","message":"Bad GET request received for non-existing route /css/styles.css"}
{"level":"warn","message":"Bad GET request received for non-existing route /css/styles.css"}
{"level":"warn","message":"Bad GET request received for non-existing route /js/main.js"}
{"level":"warn","message":"Bad GET request received for non-existing route /css/styles.css"}
{"level":"warn","message":"Bad GET request received for non-existing route /favicon.ico"}
{"level":"warn","message":"Bad GET request received for non-existing route /favicon.ico"}
{"level":"warn","message":"Bad GET request received for non-existing route /login/info"}
{"level":"warn","message":"Bad GET request received for non-existing route /json/version"}
{"level":"warn","message":"Bad GET request received for non-existing route /json"}
{"level":"warn","message":"Bad GET request received for non-existing route /json/version"}
{"level":"warn","message":"Bad GET request received for non-existing route /json"}
{"level":"warn","message":"Bad GET request received for non-existing route /json/version"}
{"level":"warn","message":"Bad GET request received for non-existing route /json"}
{"level":"warn","message":"Bad GET request received for non-existing route /json/version"}
{"level":"warn","message":"Bad GET request received for non-existing route /json"}
{"level":"warn","message":"Bad GET request received for non-existing route /json/version"}
{"level":"warn","message":"Bad GET request received for non-existing route /json"}
{"level":"warn","message":"Bad GET request received for non-existing route /json/version"}
{"level":"warn","message":"Bad GET request received for non-existing route /json"}
{"level":"warn","message":"Bad GET request received for non-existing route /json/version"}
{"level":"warn","message":"Bad GET request received for non-existing route /json"}
{"level":"warn","message":"Bad GET request received for non-existing route /json/version"}
{"level":"warn","message":"Bad GET request received for non-existing route /json"}
{"level":"warn","message":"Bad GET request received for non-existing route /json/version"}
{"level":"warn","message":"Bad GET request received for non-existing route /json"}
{"level":"warn","message":"Bad GET request received for non-existing route /json/version"}
{"level":"warn","message":"Bad GET request received for non-existing route /json"}
{"level":"warn","message":"Bad GET request received for non-existing route /json/version"}
{"level":"warn","message":"Bad GET request received for non-existing route /json"}
{"level":"warn","message":"Bad GET request received for non-existing route /json/version"}
{"level":"warn","message":"Bad GET request received for non-existing route /json"}
{"level":"warn","message":"Bad GET request received for non-existing route /json/version"}
{"level":"warn","message":"Bad GET request received for non-existing route /json"}
{"level":"warn","message":"Bad GET request received for non-existing route /json/version"}
{"level":"warn","message":"Bad GET request received for non-existing route /json"}
{"level":"warn","message":"Bad GET request received for non-existing route /json/version"}
{"level":"warn","message":"Bad GET request received for non-existing route /json"}
{"level":"warn","message":"Bad GET request received for non-existing route /json/version"}
{"level":"warn","message":"Bad GET request received for non-existing route /json"}
{"level":"warn","message":"Bad GET request received for non-existing route /json/version"}
{"level":"warn","message":"Bad GET request received for non-existing route /json"}
{"level":"warn","message":"Bad GET request received for non-existing route /json/version"}
{"level":"warn","message":"Bad GET request received for non-existing route /json"}
{"level":"warn","message":"Bad GET request received for non-existing route /json/version"}
{"level":"warn","message":"Bad GET request received for non-existing route /json/version"}
{"level":"warn","message":"Bad GET request received for non-existing route /json"}
{"level":"warn","message":"Bad GET request received for non-existing route /json"}
{"level":"warn","message":"Bad GET request received for non-existing route /json/version"}
{"level":"warn","message":"Bad GET request received for non-existing route /json"}
{"level":"warn","message":"Bad GET request received for non-existing route /json/version"}
{"level":"warn","message":"Bad GET request received for non-existing route /json"}
{"level":"warn","message":"Bad GET request received for non-existing route /json/version"}
{"level":"warn","message":"Bad GET request received for non-existing route /json"}
{"level":"warn","message":"Bad GET request received for non-existing route /json/version"}
{"level":"warn","message":"Bad GET request received for non-existing route /json"}
{"level":"warn","message":"Bad GET request received for non-existing route /json/version"}
{"level":"warn","message":"Bad GET request received for non-existing route /json"}
{"level":"warn","message":"Bad GET request received for non-existing route /json/version"}
{"level":"warn","message":"Bad GET request received for non-existing route /json"}
{"level":"warn","message":"Bad GET request received for non-existing route /json/version"}
{"level":"warn","message":"Bad GET request received for non-existing route /json"}
{"level":"warn","message":"Bad GET request received for non-existing route /json/version"}
{"level":"warn","message":"Bad GET request received for non-existing route /json"}
{"level":"warn","message":"Bad GET request received for non-existing route /json/version"}
{"level":"warn","message":"Bad GET request received for non-existing route /json"}
{"level":"warn","message":"Bad GET request received for non-existing route /json/version"}
{"level":"warn","message":"Bad GET request received for non-existing route /json"}
{"level":"warn","message":"Bad GET request received for non-existing route /json/version"}
{"level":"warn","message":"Bad GET request received for non-existing route /json"}
{"level":"warn","message":"Bad GET request received for non-existing route /json/version"}
{"level":"warn","message":"Bad GET request received for non-existing route /json"}
{"level":"warn","message":"Bad GET request received for non-existing route /json/version"}
{"level":"warn","message":"Bad GET request received for non-existing route /json"}
{"level":"warn","message":"Bad GET request received for non-existing route /json/version"}
{"level":"warn","message":"Bad GET request received for non-existing route /json"}
{"level":"warn","message":"Bad GET request received for non-existing route /json/version"}
{"level":"warn","message":"Bad GET request received for non-existing route /json"}
{"level":"warn","message":"Bad GET request received for non-existing route /json/version"}
{"level":"warn","message":"Bad GET request received for non-existing route /json"}
{"level":"warn","message":"Bad GET request received for non-existing route /json/version"}
{"level":"warn","message":"Bad GET request received for non-existing route /json"}
{"level":"warn","message":"Bad GET request received for non-existing route /json/version"}
{"level":"warn","message":"Bad GET request received for non-existing route /json"}
{"level":"warn","message":"Bad GET request received for non-existing route /json"}
{"level":"warn","message":"Bad GET request received for non-existing route /json/version"}
{"level":"warn","message":"Bad GET request received for non-existing route /json/version"}
{"level":"warn","message":"Bad GET request received for non-existing route /json"}
{"level":"warn","message":"Bad GET request received for non-existing route /json"}
{"level":"warn","message":"Bad GET request received for non-existing route /json/version"}
{"level":"warn","message":"Bad GET request received for non-existing route /json"}
{"level":"warn","message":"Bad GET request received for non-existing route /json/version"}
{"level":"warn","message":"Bad GET request received for non-existing route /json"}
{"level":"warn","message":"Bad GET request received for non-existing route /json/version"}
{"level":"warn","message":"Bad GET request received for non-existing route /json/version"}
{"level":"warn","message":"Bad GET request received for non-existing route /json"}
{"level":"warn","message":"Bad GET request received for non-existing route /json"}
{"level":"warn","message":"Bad GET request received for non-existing route /json"}
{"level":"warn","message":"Bad GET request received for non-existing route /json/version"}
{"level":"warn","message":"Bad GET request received for non-existing route /json/version"}
{"level":"warn","message":"Bad GET request received for non-existing route /json"}
{"level":"warn","message":"Bad GET request received for non-existing route /json"}
{"level":"warn","message":"Bad GET request received for non-existing route /json/version"}
{"level":"warn","message":"Bad GET request received for non-existing route /json"}
{"level":"warn","message":"Bad GET request received for non-existing route /json/version"}
{"level":"warn","message":"Bad GET request received for non-existing route /json"}
{"level":"warn","message":"Bad GET request received for non-existing route /json/version"}
{"level":"warn","message":"Bad GET request received for non-existing route /json"}
{"level":"warn","message":"Bad GET request received for non-existing route /json/version"}
{"level":"warn","message":"Bad GET request received for non-existing route /json"}
{"level":"warn","message":"Bad GET request received for non-existing route /json/version"}
{"level":"warn","message":"Bad GET request received for non-existing route /json"}
{"level":"warn","message":"Bad GET request received for non-existing route /json/version"}
{"level":"warn","message":"Bad GET request received for non-existing route /json"}
{"level":"warn","message":"Bad GET request received for non-existing route /json/version"}
{"level":"warn","message":"Bad GET request received for non-existing route /json"}
{"level":"warn","message":"Bad GET request received for non-existing route /json/version"}
{"level":"warn","message":"Bad GET request received for non-existing route /json"}
{"level":"warn","message":"Bad GET request received for non-existing route /json/version"}
{"level":"warn","message":"Bad GET request received for non-existing route /json"}
{"level":"warn","message":"Bad GET request received for non-existing route /json/version"}
{"level":"warn","message":"Bad GET request received for non-existing route /json"}
{"level":"warn","message":"Bad GET request received for non-existing route /json/version"}
{"level":"warn","message":"Bad GET request received for non-existing route /json"}
{"level":"warn","message":"Bad GET request received for non-existing route /json"}
{"level":"warn","message":"Bad GET request received for non-existing route /json/version"}
{"level":"warn","message":"Bad GET request received for non-existing route /json/version"}
{"level":"warn","message":"Bad GET request received for non-existing route /json"}
{"level":"warn","message":"Bad GET request received for non-existing route /json"}
{"level":"warn","message":"Bad GET request received for non-existing route /json/version"}
{"level":"warn","message":"Bad GET request received for non-existing route /json"}
{"level":"warn","message":"Bad GET request received for non-existing route /json/version"}
{"level":"warn","message":"Bad GET request received for non-existing route /json/version"}
{"level":"warn","message":"Bad GET request received for non-existing route /json/version"}
{"level":"warn","message":"Bad GET request received for non-existing route /json"}
{"level":"warn","message":"Bad GET request received for non-existing route /json"}
{"level":"warn","message":"Bad GET request received for non-existing route /json/version"}
{"level":"warn","message":"Bad GET request received for non-existing route /json"}
{"level":"warn","message":"Bad GET request received for non-existing route /json/version"}
{"level":"warn","message":"Bad GET request received for non-existing route /json"}
{"level":"warn","message":"Bad GET request received for non-existing route /json/version"}
{"level":"warn","message":"Bad GET request received for non-existing route /json"}
{"level":"warn","message":"Bad GET request received for non-existing route /json/version"}
{"level":"warn","message":"Bad GET request received for non-existing route /json"}
{"level":"warn","message":"Bad GET request received for non-existing route /json/version"}
{"level":"warn","message":"Bad GET request received for non-existing route /json"}
{"level":"warn","message":"Bad GET request received for non-existing route /json/version"}
{"level":"warn","message":"Bad GET request received for non-existing route /json"}
{"level":"warn","message":"Bad GET request received for non-existing route /json/version"}
{"level":"warn","message":"Bad GET request received for non-existing route /json"}
{"level":"warn","message":"Bad GET request received for non-existing route /json/version"}
{"level":"warn","message":"Bad GET request received for non-existing route /json"}
{"level":"warn","message":"Bad GET request received for non-existing route /json/version"}
{"level":"warn","message":"Bad GET request received for non-existing route /json"}
{"level":"warn","message":"Bad GET request received for non-existing route /json/version"}
{"level":"warn","message":"Bad GET request received for non-existing route /json"}
{"level":"warn","message":"Bad GET request received for non-existing route /json/version"}
{"level":"warn","message":"Bad GET request received for non-existing route /json"}
{"level":"warn","message":"Bad GET request received for non-existing route /json/version"}
{"level":"warn","message":"Bad GET request received for non-existing route /json"}
{"level":"warn","message":"Bad GET request received for non-existing route /json/version"}
{"level":"warn","message":"Bad GET request received for non-existing route /json"}
{"level":"warn","message":"Bad GET request received for non-existing route /json/version"}
{"level":"warn","message":"Bad GET request received for non-existing route /json"}
{"level":"warn","message":"Bad GET request received for non-existing route /favicon.ico"}
{"level":"warn","message":"Bad GET request received for non-existing route /auth/js/main.js"}
{"level":"warn","message":"Bad GET request received for non-existing route /auth/css/styles.css"}
{"level":"warn","message":"Bad GET request received for non-existing route /js/main.js"}
{"level":"warn","message":"Bad GET request received for non-existing route /css/styles.css"}
{"level":"warn","message":"Bad GET request received for non-existing route /js/main.js"}
{"level":"warn","message":"Bad GET request received for non-existing route /css/styles.css"}
{"level":"warn","message":"Bad GET request received for non-existing route /css/styles.css"}
{"level":"warn","message":"Bad GET request received for non-existing route /signup"}
{"level":"warn","message":"Bad GET request received for non-existing route /signup"}
{"level":"warn","message":"Bad GET request received for non-existing route /signup"}
{"level":"warn","message":"Bad GET request received for non-existing route /signup"}
{"level":"warn","message":"Bad GET request received for non-existing route /favicon.ico"}
{"level":"warn","message":"Bad GET request received for non-existing route /sample"}
{"level":"warn","message":"Bad GET request received for non-existing route /dasd"}
{"level":"warn","message":"Bad GET request received for non-existing route /sample"}
{"level":"warn","message":"Bad GET request received for non-existing route /dasd"}
{"level":"warn","message":"Bad GET request received for non-existing route /sample"}
{"level":"warn","message":"Bad GET request received for non-existing route /dasd"}
{"level":"warn","message":"Bad GET request received for non-existing route /sample"}
{"level":"warn","message":"Bad GET request received for non-existing route /dasd"}
{"level":"warn","message":"Bad GET request received for non-existing route /sample"}
{"level":"warn","message":"Bad GET request received for non-existing route /dasd"}
{"level":"warn","message":"Bad GET request received for non-existing route /sample"}
{"level":"warn","message":"Bad GET request received for non-existing route /dasd"}
{"level":"warn","message":"Bad GET request received for non-existing route /sample"}
{"level":"warn","message":"Bad GET request received for non-existing route /dasd"}
{"level":"warn","message":"Bad GET request received for non-existing route /sample"}
{"level":"warn","message":"Bad GET request received for non-existing route /dasd"}
{"level":"warn","message":"Bad GET request received for non-existing route /sample"}
{"level":"warn","message":"Bad GET request received for non-existing route /dasd"}
{"level":"warn","message":"Bad GET request received for non-existing route /sample"}
{"level":"warn","message":"Bad GET request received for non-existing route /dasd"}
{"level":"warn","message":"Bad GET request received for non-existing route /sample"}
{"level":"warn","message":"Bad GET request received for non-existing route /dasd"}
{"level":"warn","message":"Bad GET request received for non-existing route /auth/css/styles.css"}
{"level":"warn","message":"Bad GET request received for non-existing route /login"}
{"level":"warn","message":"Bad GET request received for non-existing route /sample"}
{"level":"warn","message":"Bad GET request received for non-existing route /sample"}
{"level":"warn","message":"Bad GET request received for non-existing route /dasd"}
{"level":"warn","message":"Bad GET request received for non-existing route /favicon.ico"}
